<?xml version="1.0" encoding="UTF-8"?>
<testsuite xmlns:xsi="http://www.w3.org/2001/XMLSchema-instance" xsi:noNamespaceSchemaLocation="https://maven.apache.org/surefire/maven-surefire-plugin/xsd/surefire-test-report.xsd" name="com.scfm.SampleTest" time="0.029" tests="1" errors="0" skipped="0" failures="0">
  <properties>
    <property name="sun.desktop" value="windows"/>
    <property name="awt.toolkit" value="sun.awt.windows.WToolkit"/>
    <property name="java.specification.version" value="11"/>
    <property name="sun.cpu.isalist" value="amd64"/>
    <property name="sun.jnu.encoding" value="Cp1252"/>
    <property name="java.class.path" value="C:\Git\SCFM\target\test-classes;C:\Git\SCFM\target\classes;C:\Users\KevinOcampo\.m2\repository\jakarta\platform\jakarta.jakartaee-api\8.0.0\jakarta.jakartaee-api-8.0.0.jar;C:\Users\KevinOcampo\.m2\repository\net\bootsfaces\bootsfaces\1.5.0\bootsfaces-1.5.0.jar;C:\Users\KevinOcampo\.m2\repository\com\googlecode\owasp-java-html-sanitizer\owasp-java-html-sanitizer\20191001.1\owasp-java-html-sanitizer-20191001.1.jar;C:\Users\KevinOcampo\.m2\repository\org\primefaces\primefaces\11.0.0-RC1\primefaces-11.0.0-RC1.jar;C:\Users\KevinOcampo\.m2\repository\com\google\cloud\google-cloud-storage\2.1.9\google-cloud-storage-2.1.9.jar;C:\Users\KevinOcampo\.m2\repository\com\google\guava\guava\31.0.1-jre\guava-31.0.1-jre.jar;C:\Users\KevinOcampo\.m2\repository\com\google\guava\failureaccess\1.0.1\failureaccess-1.0.1.jar;C:\Users\KevinOcampo\.m2\repository\com\google\guava\listenablefuture\9999.0-empty-to-avoid-conflict-with-guava\listenablefuture-9999.0-empty-to-avoid-conflict-with-guava.jar;C:\Users\KevinOcampo\.m2\repository\com\google\code\findbugs\jsr305\3.0.2\jsr305-3.0.2.jar;C:\Users\KevinOcampo\.m2\repository\org\checkerframework\checker-qual\3.12.0\checker-qual-3.12.0.jar;C:\Users\KevinOcampo\.m2\repository\com\google\j2objc\j2objc-annotations\1.3\j2objc-annotations-1.3.jar;C:\Users\KevinOcampo\.m2\repository\com\google\http-client\google-http-client\1.40.1\google-http-client-1.40.1.jar;C:\Users\KevinOcampo\.m2\repository\io\opencensus\opencensus-contrib-http-util\0.28.0\opencensus-contrib-http-util-0.28.0.jar;C:\Users\KevinOcampo\.m2\repository\com\google\http-client\google-http-client-jackson2\1.40.1\google-http-client-jackson2-1.40.1.jar;C:\Users\KevinOcampo\.m2\repository\com\fasterxml\jackson\core\jackson-core\2.13.0\jackson-core-2.13.0.jar;C:\Users\KevinOcampo\.m2\repository\com\google\api-client\google-api-client\1.32.2\google-api-client-1.32.2.jar;C:\Users\KevinOcampo\.m2\repository\com\google\oauth-client\google-oauth-client\1.32.1\google-oauth-client-1.32.1.jar;C:\Users\KevinOcampo\.m2\repository\com\google\http-client\google-http-client-gson\1.40.1\google-http-client-gson-1.40.1.jar;C:\Users\KevinOcampo\.m2\repository\com\google\http-client\google-http-client-apache-v2\1.40.1\google-http-client-apache-v2-1.40.1.jar;C:\Users\KevinOcampo\.m2\repository\com\google\apis\google-api-services-storage\v1-rev20210918-1.32.1\google-api-services-storage-v1-rev20210918-1.32.1.jar;C:\Users\KevinOcampo\.m2\repository\com\google\code\gson\gson\2.8.8\gson-2.8.8.jar;C:\Users\KevinOcampo\.m2\repository\com\google\cloud\google-cloud-core\2.2.0\google-cloud-core-2.2.0.jar;C:\Users\KevinOcampo\.m2\repository\com\google\auto\value\auto-value-annotations\1.8.2\auto-value-annotations-1.8.2.jar;C:\Users\KevinOcampo\.m2\repository\com\google\api\grpc\proto-google-common-protos\2.6.0\proto-google-common-protos-2.6.0.jar;C:\Users\KevinOcampo\.m2\repository\com\google\cloud\google-cloud-core-http\2.2.0\google-cloud-core-http-2.2.0.jar;C:\Users\KevinOcampo\.m2\repository\com\google\http-client\google-http-client-appengine\1.40.1\google-http-client-appengine-1.40.1.jar;C:\Users\KevinOcampo\.m2\repository\com\google\api\gax-httpjson\0.91.1\gax-httpjson-0.91.1.jar;C:\Users\KevinOcampo\.m2\repository\com\google\api\gax\2.6.1\gax-2.6.1.jar;C:\Users\KevinOcampo\.m2\repository\com\google\auth\google-auth-library-credentials\1.2.1\google-auth-library-credentials-1.2.1.jar;C:\Users\KevinOcampo\.m2\repository\com\google\auth\google-auth-library-oauth2-http\1.2.1\google-auth-library-oauth2-http-1.2.1.jar;C:\Users\KevinOcampo\.m2\repository\com\google\api\api-common\2.0.5\api-common-2.0.5.jar;C:\Users\KevinOcampo\.m2\repository\javax\annotation\javax.annotation-api\1.3.2\javax.annotation-api-1.3.2.jar;C:\Users\KevinOcampo\.m2\repository\io\opencensus\opencensus-api\0.28.0\opencensus-api-0.28.0.jar;C:\Users\KevinOcampo\.m2\repository\io\grpc\grpc-context\1.41.0\grpc-context-1.41.0.jar;C:\Users\KevinOcampo\.m2\repository\com\google\api\grpc\proto-google-iam-v1\1.1.6\proto-google-iam-v1-1.1.6.jar;C:\Users\KevinOcampo\.m2\repository\com\google\protobuf\protobuf-java\3.18.1\protobuf-java-3.18.1.jar;C:\Users\KevinOcampo\.m2\repository\com\google\protobuf\protobuf-java-util\3.18.1\protobuf-java-util-3.18.1.jar;C:\Users\KevinOcampo\.m2\repository\org\threeten\threetenbp\1.5.1\threetenbp-1.5.1.jar;C:\Users\KevinOcampo\.m2\repository\javax\enterprise\cdi-api\2.0\cdi-api-2.0.jar;C:\Users\KevinOcampo\.m2\repository\javax\el\javax.el-api\3.0.0\javax.el-api-3.0.0.jar;C:\Users\KevinOcampo\.m2\repository\javax\interceptor\javax.interceptor-api\1.2\javax.interceptor-api-1.2.jar;C:\Users\KevinOcampo\.m2\repository\javax\inject\javax.inject\1\javax.inject-1.jar;C:\Users\KevinOcampo\.m2\repository\javax\ws\rs\javax.ws.rs-api\2.1\javax.ws.rs-api-2.1.jar;C:\Users\KevinOcampo\.m2\repository\javax\json\bind\javax.json.bind-api\1.0\javax.json.bind-api-1.0.jar;C:\Users\KevinOcampo\.m2\repository\javax\json\javax.json-api\1.1\javax.json-api-1.1.jar;C:\Users\KevinOcampo\.m2\repository\org\eclipse\microprofile\config\microprofile-config-api\1.3\microprofile-config-api-1.3.jar;C:\Users\KevinOcampo\.m2\repository\org\osgi\org.osgi.annotation.versioning\1.0.0\org.osgi.annotation.versioning-1.0.0.jar;C:\Users\KevinOcampo\.m2\repository\org\eclipse\microprofile\fault-tolerance\microprofile-fault-tolerance-api\2.0\microprofile-fault-tolerance-api-2.0.jar;C:\Users\KevinOcampo\.m2\repository\org\eclipse\microprofile\health\microprofile-health-api\2.0\microprofile-health-api-2.0.jar;C:\Users\KevinOcampo\.m2\repository\org\eclipse\microprofile\metrics\microprofile-metrics-api\2.0.0\microprofile-metrics-api-2.0.0.jar;C:\Users\KevinOcampo\.m2\repository\org\eclipse\microprofile\jwt\microprofile-jwt-auth-api\1.1\microprofile-jwt-auth-api-1.1.jar;C:\Users\KevinOcampo\.m2\repository\org\eclipse\microprofile\openapi\microprofile-openapi-api\1.1\microprofile-openapi-api-1.1.jar;C:\Users\KevinOcampo\.m2\repository\org\eclipse\microprofile\rest\client\microprofile-rest-client-api\1.3\microprofile-rest-client-api-1.3.jar;C:\Users\KevinOcampo\.m2\repository\org\eclipse\microprofile\opentracing\microprofile-opentracing-api\1.3\microprofile-opentracing-api-1.3.jar;C:\Users\KevinOcampo\.m2\repository\net\sf\jasperreports\jasperreports\6.17.0\jasperreports-6.17.0.jar;C:\Users\KevinOcampo\.m2\repository\commons-beanutils\commons-beanutils\1.9.4\commons-beanutils-1.9.4.jar;C:\Users\KevinOcampo\.m2\repository\commons-collections\commons-collections\3.2.2\commons-collections-3.2.2.jar;C:\Users\KevinOcampo\.m2\repository\commons-digester\commons-digester\2.1\commons-digester-2.1.jar;C:\Users\KevinOcampo\.m2\repository\commons-logging\commons-logging\1.1.1\commons-logging-1.1.1.jar;C:\Users\KevinOcampo\.m2\repository\org\apache\commons\commons-collections4\4.2\commons-collections4-4.2.jar;C:\Users\KevinOcampo\.m2\repository\com\lowagie\itext\2.1.7.js8\itext-2.1.7.js8.jar;C:\Users\KevinOcampo\.m2\repository\org\bouncycastle\bcprov-jdk15on\1.64\bcprov-jdk15on-1.64.jar;C:\Users\KevinOcampo\.m2\repository\org\jfree\jcommon\1.0.23\jcommon-1.0.23.jar;C:\Users\KevinOcampo\.m2\repository\org\jfree\jfreechart\1.0.19\jfreechart-1.0.19.jar;C:\Users\KevinOcampo\.m2\repository\org\eclipse\jdt\ecj\3.21.0\ecj-3.21.0.jar;C:\Users\KevinOcampo\.m2\repository\org\codehaus\castor\castor-xml\1.4.1\castor-xml-1.4.1.jar;C:\Users\KevinOcampo\.m2\repository\org\codehaus\castor\castor-core\1.4.1\castor-core-1.4.1.jar;C:\Users\KevinOcampo\.m2\repository\com\fasterxml\jackson\core\jackson-databind\2.12.2\jackson-databind-2.12.2.jar;C:\Users\KevinOcampo\.m2\repository\com\fasterxml\jackson\core\jackson-annotations\2.12.2\jackson-annotations-2.12.2.jar;C:\Users\KevinOcampo\.m2\repository\org\webjars\npm\primeflex\2.0.0\primeflex-2.0.0.jar;C:\Users\KevinOcampo\.m2\repository\org\junit\jupiter\junit-jupiter\5.5.0\junit-jupiter-5.5.0.jar;C:\Users\KevinOcampo\.m2\repository\org\junit\jupiter\junit-jupiter-api\5.5.0\junit-jupiter-api-5.5.0.jar;C:\Users\KevinOcampo\.m2\repository\org\apiguardian\apiguardian-api\1.1.0\apiguardian-api-1.1.0.jar;C:\Users\KevinOcampo\.m2\repository\org\opentest4j\opentest4j\1.2.0\opentest4j-1.2.0.jar;C:\Users\KevinOcampo\.m2\repository\org\junit\platform\junit-platform-commons\1.5.0\junit-platform-commons-1.5.0.jar;C:\Users\KevinOcampo\.m2\repository\org\junit\jupiter\junit-jupiter-params\5.5.0\junit-jupiter-params-5.5.0.jar;C:\Users\KevinOcampo\.m2\repository\org\junit\jupiter\junit-jupiter-engine\5.5.0\junit-jupiter-engine-5.5.0.jar;C:\Users\KevinOcampo\.m2\repository\org\junit\platform\junit-platform-engine\1.5.0\junit-platform-engine-1.5.0.jar;C:\Users\KevinOcampo\.m2\repository\net\sf\jasperreports\jasperreports-custom-visualization\6.17.0\jasperreports-custom-visualization-6.17.0.jar;C:\Users\KevinOcampo\.m2\repository\org\apache\velocity\velocity-engine-core\2.3\velocity-engine-core-2.3.jar;C:\Users\KevinOcampo\.m2\repository\org\slf4j\slf4j-api\1.7.30\slf4j-api-1.7.30.jar;C:\Users\KevinOcampo\.m2\repository\mysql\mysql-connector-java\8.0.28\mysql-connector-java-8.0.28.jar;C:\Users\KevinOcampo\.m2\repository\com\sun\mail\javax.mail\1.6.2\javax.mail-1.6.2.jar;C:\Users\KevinOcampo\.m2\repository\javax\activation\activation\1.1\activation-1.1.jar;C:\Users\KevinOcampo\.m2\repository\net\sourceforge\dynamicreports\dynamicreports-core\3.1.3\dynamicreports-core-3.1.3.jar;C:\Users\KevinOcampo\.m2\repository\org\apache\commons\commons-lang3\3.1\commons-lang3-3.1.jar;C:\Users\KevinOcampo\.m2\repository\net\sf\barcode4j\barcode4j\2.0\barcode4j-2.0.jar;C:\Users\KevinOcampo\.m2\repository\avalon-framework\avalon-framework-impl\4.2.0\avalon-framework-impl-4.2.0.jar;C:\Users\KevinOcampo\.m2\repository\xml-apis\xml-apis\1.3.04\xml-apis-1.3.04.jar;C:\Users\KevinOcampo\.m2\repository\com\itextpdf\itextpdf\5.5.13.2\itextpdf-5.5.13.2.jar;C:\Users\KevinOcampo\.m2\repository\org\mockito\mockito-core\3.1.0\mockito-core-3.1.0.jar;C:\Users\KevinOcampo\.m2\repository\net\bytebuddy\byte-buddy\1.9.10\byte-buddy-1.9.10.jar;C:\Users\KevinOcampo\.m2\repository\net\bytebuddy\byte-buddy-agent\1.9.10\byte-buddy-agent-1.9.10.jar;C:\Users\KevinOcampo\.m2\repository\org\objenesis\objenesis\2.6\objenesis-2.6.jar;"/>
    <property name="java.vm.vendor" value="Oracle Corporation"/>
    <property name="sun.arch.data.model" value="64"/>
    <property name="user.variant" value=""/>
    <property name="java.vendor.url" value="https://openjdk.java.net/"/>
    <property name="user.timezone" value="America/Regina"/>
    <property name="user.country.format" value="US"/>
    <property name="java.vm.specification.version" value="11"/>
    <property name="os.name" value="Windows 10"/>
    <property name="user.country" value="MX"/>
    <property name="sun.java.launcher" value="SUN_STANDARD"/>
    <property name="sun.boot.library.path" value="C:\Program Files\Java\jdk-11.0.12\bin"/>
    <property name="sun.java.command" value="C:\Users\KEVINO~1\AppData\Local\Temp\surefire5616747591845547498\surefirebooter9052300849217832914.jar C:\Users\KevinOcampo\AppData\Local\Temp\surefire5616747591845547498 2022-04-15T14-57-55_073-jvmRun1 surefire13879813883401974331tmp surefire_016092656631404157878tmp"/>
    <property name="jdk.debug" value="release"/>
    <property name="surefire.test.class.path" value="C:\Git\SCFM\target\test-classes;C:\Git\SCFM\target\classes;C:\Users\KevinOcampo\.m2\repository\jakarta\platform\jakarta.jakartaee-api\8.0.0\jakarta.jakartaee-api-8.0.0.jar;C:\Users\KevinOcampo\.m2\repository\net\bootsfaces\bootsfaces\1.5.0\bootsfaces-1.5.0.jar;C:\Users\KevinOcampo\.m2\repository\com\googlecode\owasp-java-html-sanitizer\owasp-java-html-sanitizer\20191001.1\owasp-java-html-sanitizer-20191001.1.jar;C:\Users\KevinOcampo\.m2\repository\org\primefaces\primefaces\11.0.0-RC1\primefaces-11.0.0-RC1.jar;C:\Users\KevinOcampo\.m2\repository\com\google\cloud\google-cloud-storage\2.1.9\google-cloud-storage-2.1.9.jar;C:\Users\KevinOcampo\.m2\repository\com\google\guava\guava\31.0.1-jre\guava-31.0.1-jre.jar;C:\Users\KevinOcampo\.m2\repository\com\google\guava\failureaccess\1.0.1\failureaccess-1.0.1.jar;C:\Users\KevinOcampo\.m2\repository\com\google\guava\listenablefuture\9999.0-empty-to-avoid-conflict-with-guava\listenablefuture-9999.0-empty-to-avoid-conflict-with-guava.jar;C:\Users\KevinOcampo\.m2\repository\com\google\code\findbugs\jsr305\3.0.2\jsr305-3.0.2.jar;C:\Users\KevinOcampo\.m2\repository\org\checkerframework\checker-qual\3.12.0\checker-qual-3.12.0.jar;C:\Users\KevinOcampo\.m2\repository\com\google\j2objc\j2objc-annotations\1.3\j2objc-annotations-1.3.jar;C:\Users\KevinOcampo\.m2\repository\com\google\http-client\google-http-client\1.40.1\google-http-client-1.40.1.jar;C:\Users\KevinOcampo\.m2\repository\io\opencensus\opencensus-contrib-http-util\0.28.0\opencensus-contrib-http-util-0.28.0.jar;C:\Users\KevinOcampo\.m2\repository\com\google\http-client\google-http-client-jackson2\1.40.1\google-http-client-jackson2-1.40.1.jar;C:\Users\KevinOcampo\.m2\repository\com\fasterxml\jackson\core\jackson-core\2.13.0\jackson-core-2.13.0.jar;C:\Users\KevinOcampo\.m2\repository\com\google\api-client\google-api-client\1.32.2\google-api-client-1.32.2.jar;C:\Users\KevinOcampo\.m2\repository\com\google\oauth-client\google-oauth-client\1.32.1\google-oauth-client-1.32.1.jar;C:\Users\KevinOcampo\.m2\repository\com\google\http-client\google-http-client-gson\1.40.1\google-http-client-gson-1.40.1.jar;C:\Users\KevinOcampo\.m2\repository\com\google\http-client\google-http-client-apache-v2\1.40.1\google-http-client-apache-v2-1.40.1.jar;C:\Users\KevinOcampo\.m2\repository\com\google\apis\google-api-services-storage\v1-rev20210918-1.32.1\google-api-services-storage-v1-rev20210918-1.32.1.jar;C:\Users\KevinOcampo\.m2\repository\com\google\code\gson\gson\2.8.8\gson-2.8.8.jar;C:\Users\KevinOcampo\.m2\repository\com\google\cloud\google-cloud-core\2.2.0\google-cloud-core-2.2.0.jar;C:\Users\KevinOcampo\.m2\repository\com\google\auto\value\auto-value-annotations\1.8.2\auto-value-annotations-1.8.2.jar;C:\Users\KevinOcampo\.m2\repository\com\google\api\grpc\proto-google-common-protos\2.6.0\proto-google-common-protos-2.6.0.jar;C:\Users\KevinOcampo\.m2\repository\com\google\cloud\google-cloud-core-http\2.2.0\google-cloud-core-http-2.2.0.jar;C:\Users\KevinOcampo\.m2\repository\com\google\http-client\google-http-client-appengine\1.40.1\google-http-client-appengine-1.40.1.jar;C:\Users\KevinOcampo\.m2\repository\com\google\api\gax-httpjson\0.91.1\gax-httpjson-0.91.1.jar;C:\Users\KevinOcampo\.m2\repository\com\google\api\gax\2.6.1\gax-2.6.1.jar;C:\Users\KevinOcampo\.m2\repository\com\google\auth\google-auth-library-credentials\1.2.1\google-auth-library-credentials-1.2.1.jar;C:\Users\KevinOcampo\.m2\repository\com\google\auth\google-auth-library-oauth2-http\1.2.1\google-auth-library-oauth2-http-1.2.1.jar;C:\Users\KevinOcampo\.m2\repository\com\google\api\api-common\2.0.5\api-common-2.0.5.jar;C:\Users\KevinOcampo\.m2\repository\javax\annotation\javax.annotation-api\1.3.2\javax.annotation-api-1.3.2.jar;C:\Users\KevinOcampo\.m2\repository\io\opencensus\opencensus-api\0.28.0\opencensus-api-0.28.0.jar;C:\Users\KevinOcampo\.m2\repository\io\grpc\grpc-context\1.41.0\grpc-context-1.41.0.jar;C:\Users\KevinOcampo\.m2\repository\com\google\api\grpc\proto-google-iam-v1\1.1.6\proto-google-iam-v1-1.1.6.jar;C:\Users\KevinOcampo\.m2\repository\com\google\protobuf\protobuf-java\3.18.1\protobuf-java-3.18.1.jar;C:\Users\KevinOcampo\.m2\repository\com\google\protobuf\protobuf-java-util\3.18.1\protobuf-java-util-3.18.1.jar;C:\Users\KevinOcampo\.m2\repository\org\threeten\threetenbp\1.5.1\threetenbp-1.5.1.jar;C:\Users\KevinOcampo\.m2\repository\javax\enterprise\cdi-api\2.0\cdi-api-2.0.jar;C:\Users\KevinOcampo\.m2\repository\javax\el\javax.el-api\3.0.0\javax.el-api-3.0.0.jar;C:\Users\KevinOcampo\.m2\repository\javax\interceptor\javax.interceptor-api\1.2\javax.interceptor-api-1.2.jar;C:\Users\KevinOcampo\.m2\repository\javax\inject\javax.inject\1\javax.inject-1.jar;C:\Users\KevinOcampo\.m2\repository\javax\ws\rs\javax.ws.rs-api\2.1\javax.ws.rs-api-2.1.jar;C:\Users\KevinOcampo\.m2\repository\javax\json\bind\javax.json.bind-api\1.0\javax.json.bind-api-1.0.jar;C:\Users\KevinOcampo\.m2\repository\javax\json\javax.json-api\1.1\javax.json-api-1.1.jar;C:\Users\KevinOcampo\.m2\repository\org\eclipse\microprofile\config\microprofile-config-api\1.3\microprofile-config-api-1.3.jar;C:\Users\KevinOcampo\.m2\repository\org\osgi\org.osgi.annotation.versioning\1.0.0\org.osgi.annotation.versioning-1.0.0.jar;C:\Users\KevinOcampo\.m2\repository\org\eclipse\microprofile\fault-tolerance\microprofile-fault-tolerance-api\2.0\microprofile-fault-tolerance-api-2.0.jar;C:\Users\KevinOcampo\.m2\repository\org\eclipse\microprofile\health\microprofile-health-api\2.0\microprofile-health-api-2.0.jar;C:\Users\KevinOcampo\.m2\repository\org\eclipse\microprofile\metrics\microprofile-metrics-api\2.0.0\microprofile-metrics-api-2.0.0.jar;C:\Users\KevinOcampo\.m2\repository\org\eclipse\microprofile\jwt\microprofile-jwt-auth-api\1.1\microprofile-jwt-auth-api-1.1.jar;C:\Users\KevinOcampo\.m2\repository\org\eclipse\microprofile\openapi\microprofile-openapi-api\1.1\microprofile-openapi-api-1.1.jar;C:\Users\KevinOcampo\.m2\repository\org\eclipse\microprofile\rest\client\microprofile-rest-client-api\1.3\microprofile-rest-client-api-1.3.jar;C:\Users\KevinOcampo\.m2\repository\org\eclipse\microprofile\opentracing\microprofile-opentracing-api\1.3\microprofile-opentracing-api-1.3.jar;C:\Users\KevinOcampo\.m2\repository\net\sf\jasperreports\jasperreports\6.17.0\jasperreports-6.17.0.jar;C:\Users\KevinOcampo\.m2\repository\commons-beanutils\commons-beanutils\1.9.4\commons-beanutils-1.9.4.jar;C:\Users\KevinOcampo\.m2\repository\commons-collections\commons-collections\3.2.2\commons-collections-3.2.2.jar;C:\Users\KevinOcampo\.m2\repository\commons-digester\commons-digester\2.1\commons-digester-2.1.jar;C:\Users\KevinOcampo\.m2\repository\commons-logging\commons-logging\1.1.1\commons-logging-1.1.1.jar;C:\Users\KevinOcampo\.m2\repository\org\apache\commons\commons-collections4\4.2\commons-collections4-4.2.jar;C:\Users\KevinOcampo\.m2\repository\com\lowagie\itext\2.1.7.js8\itext-2.1.7.js8.jar;C:\Users\KevinOcampo\.m2\repository\org\bouncycastle\bcprov-jdk15on\1.64\bcprov-jdk15on-1.64.jar;C:\Users\KevinOcampo\.m2\repository\org\jfree\jcommon\1.0.23\jcommon-1.0.23.jar;C:\Users\KevinOcampo\.m2\repository\org\jfree\jfreechart\1.0.19\jfreechart-1.0.19.jar;C:\Users\KevinOcampo\.m2\repository\org\eclipse\jdt\ecj\3.21.0\ecj-3.21.0.jar;C:\Users\KevinOcampo\.m2\repository\org\codehaus\castor\castor-xml\1.4.1\castor-xml-1.4.1.jar;C:\Users\KevinOcampo\.m2\repository\org\codehaus\castor\castor-core\1.4.1\castor-core-1.4.1.jar;C:\Users\KevinOcampo\.m2\repository\com\fasterxml\jackson\core\jackson-databind\2.12.2\jackson-databind-2.12.2.jar;C:\Users\KevinOcampo\.m2\repository\com\fasterxml\jackson\core\jackson-annotations\2.12.2\jackson-annotations-2.12.2.jar;C:\Users\KevinOcampo\.m2\repository\org\webjars\npm\primeflex\2.0.0\primeflex-2.0.0.jar;C:\Users\KevinOcampo\.m2\repository\org\junit\jupiter\junit-jupiter\5.5.0\junit-jupiter-5.5.0.jar;C:\Users\KevinOcampo\.m2\repository\org\junit\jupiter\junit-jupiter-api\5.5.0\junit-jupiter-api-5.5.0.jar;C:\Users\KevinOcampo\.m2\repository\org\apiguardian\apiguardian-api\1.1.0\apiguardian-api-1.1.0.jar;C:\Users\KevinOcampo\.m2\repository\org\opentest4j\opentest4j\1.2.0\opentest4j-1.2.0.jar;C:\Users\KevinOcampo\.m2\repository\org\junit\platform\junit-platform-commons\1.5.0\junit-platform-commons-1.5.0.jar;C:\Users\KevinOcampo\.m2\repository\org\junit\jupiter\junit-jupiter-params\5.5.0\junit-jupiter-params-5.5.0.jar;C:\Users\KevinOcampo\.m2\repository\org\junit\jupiter\junit-jupiter-engine\5.5.0\junit-jupiter-engine-5.5.0.jar;C:\Users\KevinOcampo\.m2\repository\org\junit\platform\junit-platform-engine\1.5.0\junit-platform-engine-1.5.0.jar;C:\Users\KevinOcampo\.m2\repository\net\sf\jasperreports\jasperreports-custom-visualization\6.17.0\jasperreports-custom-visualization-6.17.0.jar;C:\Users\KevinOcampo\.m2\repository\org\apache\velocity\velocity-engine-core\2.3\velocity-engine-core-2.3.jar;C:\Users\KevinOcampo\.m2\repository\org\slf4j\slf4j-api\1.7.30\slf4j-api-1.7.30.jar;C:\Users\KevinOcampo\.m2\repository\mysql\mysql-connector-java\8.0.28\mysql-connector-java-8.0.28.jar;C:\Users\KevinOcampo\.m2\repository\com\sun\mail\javax.mail\1.6.2\javax.mail-1.6.2.jar;C:\Users\KevinOcampo\.m2\repository\javax\activation\activation\1.1\activation-1.1.jar;C:\Users\KevinOcampo\.m2\repository\net\sourceforge\dynamicreports\dynamicreports-core\3.1.3\dynamicreports-core-3.1.3.jar;C:\Users\KevinOcampo\.m2\repository\org\apache\commons\commons-lang3\3.1\commons-lang3-3.1.jar;C:\Users\KevinOcampo\.m2\repository\net\sf\barcode4j\barcode4j\2.0\barcode4j-2.0.jar;C:\Users\KevinOcampo\.m2\repository\avalon-framework\avalon-framework-impl\4.2.0\avalon-framework-impl-4.2.0.jar;C:\Users\KevinOcampo\.m2\repository\xml-apis\xml-apis\1.3.04\xml-apis-1.3.04.jar;C:\Users\KevinOcampo\.m2\repository\com\itextpdf\itextpdf\5.5.13.2\itextpdf-5.5.13.2.jar;C:\Users\KevinOcampo\.m2\repository\org\mockito\mockito-core\3.1.0\mockito-core-3.1.0.jar;C:\Users\KevinOcampo\.m2\repository\net\bytebuddy\byte-buddy\1.9.10\byte-buddy-1.9.10.jar;C:\Users\KevinOcampo\.m2\repository\net\bytebuddy\byte-buddy-agent\1.9.10\byte-buddy-agent-1.9.10.jar;C:\Users\KevinOcampo\.m2\repository\org\objenesis\objenesis\2.6\objenesis-2.6.jar;"/>
    <property name="sun.cpu.endian" value="little"/>
    <property name="user.home" value="C:\Users\KevinOcampo"/>
    <property name="user.language" value="es"/>
    <property name="java.specification.vendor" value="Oracle Corporation"/>
    <property name="java.version.date" value="2021-07-20"/>
    <property name="java.home" value="C:\Program Files\Java\jdk-11.0.12"/>
    <property name="file.separator" value="\"/>
    <property name="basedir" value="C:\Git\SCFM"/>
    <property name="java.vm.compressedOopsMode" value="Zero based"/>
    <property name="line.separator" value="&#10;"/>
    <property name="java.specification.name" value="Java Platform API Specification"/>
    <property name="java.vm.specification.vendor" value="Oracle Corporation"/>
    <property name="java.awt.graphicsenv" value="sun.awt.Win32GraphicsEnvironment"/>
    <property name="surefire.real.class.path" value="C:\Users\KEVINO~1\AppData\Local\Temp\surefire5616747591845547498\surefirebooter9052300849217832914.jar"/>
    <property name="user.script" value=""/>
    <property name="sun.management.compiler" value="HotSpot 64-Bit Tiered Compilers"/>
    <property name="java.runtime.version" value="11.0.12+8-LTS-237"/>
    <property name="user.name" value="KevinOcampo"/>
    <property name="path.separator" value=";"/>
    <property name="os.version" value="10.0"/>
    <property name="java.runtime.name" value="Java(TM) SE Runtime Environment"/>
    <property name="file.encoding" value="UTF-8"/>
    <property name="java.vm.name" value="Java HotSpot(TM) 64-Bit Server VM"/>
    <property name="java.vendor.version" value="18.9"/>
    <property name="maven.ext.class.path" value="C:\Program Files\NetBeans-12.5\netbeans\java\maven-nblib\netbeans-eventspy.jar"/>
    <property name="localRepository" value="C:\Users\KevinOcampo\.m2\repository"/>
    <property name="java.vendor.url.bug" value="https://bugreport.java.com/bugreport/"/>
    <property name="java.io.tmpdir" value="C:\Users\KEVINO~1\AppData\Local\Temp\"/>
    <property name="java.version" value="11.0.12"/>
    <property name="user.dir" value="C:\Git\SCFM"/>
    <property name="os.arch" value="amd64"/>
    <property name="java.vm.specification.name" value="Java Virtual Machine Specification"/>
    <property name="java.awt.printerjob" value="sun.awt.windows.WPrinterJob"/>
    <property name="user.language.format" value="en"/>
    <property name="sun.os.patch.level" value=""/>
    <property name="java.library.path" value="C:\Program Files\Java\jdk-11.0.12\bin;C:\Windows\Sun\Java\bin;C:\Windows\system32;C:\Windows;C:\Program Files\Common Files\Oracle\Java\javapath;C:\Windows\system32;C:\Windows;C:\Windows\System32\Wbem;C:\Windows\System32\WindowsPowerShell\v1.0\;C:\Windows\System32\OpenSSH\;C:\Program Files\dotnet\;C:\Program Files\Microsoft SQL Server\130\Tools\Binn\;C:\Program Files\Microsoft SQL Server\Client SDK\ODBC\170\Tools\Binn\;C:\Program Files\Git\cmd;C:\Program Files (x86)\Microsoft SQL Server\150\Tools\Binn\;C:\Program Files\Microsoft SQL Server\150\Tools\Binn\;C:\Program Files\Microsoft SQL Server\150\DTS\Binn\;C:\Program Files (x86)\Microsoft SQL Server\150\DTS\Binn\;C:\Program Files\Azure Data Studio\bin;C:\Users\KevinOcampo\AppData\Local\Microsoft\WindowsApps;C:\Users\KevinOcampo\.dotnet\tools;C:\Program Files\Azure Data Studio\bin;."/>
    <property name="java.vendor" value="Oracle Corporation"/>
    <property name="java.vm.info" value="mixed mode"/>
    <property name="java.vm.version" value="11.0.12+8-LTS-237"/>
    <property name="sun.io.unicode.encoding" value="UnicodeLittle"/>
    <property name="java.class.version" value="55.0"/>
  </properties>
  <testcase name="simpleJUnit5Test" classname="com.scfm.SampleTest" time="0.023"/>
</testsuite>